<?xml version="1.0" encoding="UTF-8"?>
<testsuite name="sample.cafekiosk.spring.api.service.mail.MailServiceTest" tests="1" skipped="0" failures="0" errors="0" timestamp="2024-05-17T15:13:45" hostname="DESKTOP-HLQBGOF" time="0.072">
  <properties/>
  <testcase name="메일 전송 테스트" classname="sample.cafekiosk.spring.api.service.mail.MailServiceTest" time="0.072"/>
  <system-out><![CDATA[]]></system-out>
  <system-err><![CDATA[]]></system-err>
</testsuite>
