<?xml version="1.0" encoding="UTF-8"?>
<testsuite name="sample.cafekiosk.spring.api.product.ProductServiceTest" tests="2" skipped="0" failures="0" errors="0" timestamp="2024-05-17T15:13:44" hostname="DESKTOP-HLQBGOF" time="0.215">
  <properties/>
  <testcase name="상품이 하나도 없는 경우 신규 상품을 등록하면 상품번호는 001이다." classname="sample.cafekiosk.spring.api.product.ProductServiceTest" time="0.205"/>
  <testcase name="신규 상품을 등록한다. 상품번호는 가장 최근 상품의 상품번호에서 1증가한 값이다." classname="sample.cafekiosk.spring.api.product.ProductServiceTest" time="0.009"/>
  <system-out><![CDATA[2024-05-18 00:13:42.430  INFO 13496 --- [    Test worker] .b.t.c.SpringBootTestContextBootstrapper : Neither @ContextConfiguration nor @ContextHierarchy found for test class [sample.cafekiosk.spring.api.product.ProductServiceTest], using SpringBootContextLoader
2024-05-18 00:13:42.431  INFO 13496 --- [    Test worker] o.s.t.c.support.AbstractContextLoader    : Could not detect default resource locations for test class [sample.cafekiosk.spring.api.product.ProductServiceTest]: no resource found for suffixes {-context.xml, Context.groovy}.
2024-05-18 00:13:42.431  INFO 13496 --- [    Test worker] t.c.s.AnnotationConfigContextLoaderUtils : Could not detect default configuration classes for test class [sample.cafekiosk.spring.api.product.ProductServiceTest]: ProductServiceTest does not declare any static, non-private, non-final, nested classes annotated with @Configuration.
2024-05-18 00:13:42.441  INFO 13496 --- [    Test worker] .b.t.c.SpringBootTestContextBootstrapper : Found @SpringBootConfiguration sample.cafekiosk.CafekioskApplication for test class sample.cafekiosk.spring.api.product.ProductServiceTest
2024-05-18 00:13:42.444  INFO 13496 --- [    Test worker] .b.t.c.SpringBootTestContextBootstrapper : Loaded default TestExecutionListener class names from location [META-INF/spring.factories]: [org.springframework.boot.test.autoconfigure.restdocs.RestDocsTestExecutionListener, org.springframework.boot.test.autoconfigure.web.client.MockRestServiceServerResetTestExecutionListener, org.springframework.boot.test.autoconfigure.web.servlet.MockMvcPrintOnlyOnFailureTestExecutionListener, org.springframework.boot.test.autoconfigure.web.servlet.WebDriverTestExecutionListener, org.springframework.boot.test.autoconfigure.webservices.client.MockWebServiceServerTestExecutionListener, org.springframework.boot.test.mock.mockito.MockitoTestExecutionListener, org.springframework.boot.test.mock.mockito.ResetMocksTestExecutionListener, org.springframework.test.context.web.ServletTestExecutionListener, org.springframework.test.context.support.DirtiesContextBeforeModesTestExecutionListener, org.springframework.test.context.event.ApplicationEventsTestExecutionListener, org.springframework.test.context.support.DependencyInjectionTestExecutionListener, org.springframework.test.context.support.DirtiesContextTestExecutionListener, org.springframework.test.context.transaction.TransactionalTestExecutionListener, org.springframework.test.context.jdbc.SqlScriptsTestExecutionListener, org.springframework.test.context.event.EventPublishingTestExecutionListener]
2024-05-18 00:13:42.445  INFO 13496 --- [    Test worker] .b.t.c.SpringBootTestContextBootstrapper : Using TestExecutionListeners: [org.springframework.test.context.web.ServletTestExecutionListener@4ac7856f, org.springframework.test.context.support.DirtiesContextBeforeModesTestExecutionListener@432f4626, org.springframework.test.context.event.ApplicationEventsTestExecutionListener@297c3a43, org.springframework.boot.test.mock.mockito.MockitoTestExecutionListener@4c79ca55, org.springframework.boot.test.autoconfigure.SpringBootDependencyInjectionTestExecutionListener@3a63d248, org.springframework.test.context.support.DirtiesContextTestExecutionListener@3c4ad54, org.springframework.test.context.transaction.TransactionalTestExecutionListener@4b22214d, org.springframework.test.context.jdbc.SqlScriptsTestExecutionListener@498b611e, org.springframework.test.context.event.EventPublishingTestExecutionListener@6dde1bf5, org.springframework.boot.test.autoconfigure.restdocs.RestDocsTestExecutionListener@4b56b517, org.springframework.boot.test.autoconfigure.web.client.MockRestServiceServerResetTestExecutionListener@1124dd79, org.springframework.boot.test.autoconfigure.web.servlet.MockMvcPrintOnlyOnFailureTestExecutionListener@335cdd2, org.springframework.boot.test.autoconfigure.web.servlet.WebDriverTestExecutionListener@1ea96ff2, org.springframework.boot.test.autoconfigure.webservices.client.MockWebServiceServerTestExecutionListener@60a99f3d, org.springframework.boot.test.mock.mockito.ResetMocksTestExecutionListener@57515944]

  .   ____          _            __ _ _
 /\\ / ___'_ __ _ _(_)_ __  __ _ \ \ \ \
( ( )\___ | '_ | '_| | '_ \/ _` | \ \ \ \
 \\/  ___)| |_)| | | | | || (_| |  ) ) ) )
  '  |____| .__|_| |_|_| |_\__, | / / / /
 =========|_|==============|___/=/_/_/_/
 :: Spring Boot ::                (v2.7.7)

2024-05-18 00:13:42.469  INFO 13496 --- [    Test worker] s.c.s.api.product.ProductServiceTest     : Starting ProductServiceTest using Java 11.0.23 on DESKTOP-HLQBGOF with PID 13496 (started by UserKYJ in C:\Users\UserKYJ\Desktop\cafekiosk)
2024-05-18 00:13:42.470  INFO 13496 --- [    Test worker] s.c.s.api.product.ProductServiceTest     : The following 1 profile is active: "test"
2024-05-18 00:13:42.755  INFO 13496 --- [    Test worker] .s.d.r.c.RepositoryConfigurationDelegate : Bootstrapping Spring Data JPA repositories in DEFAULT mode.
2024-05-18 00:13:42.829  INFO 13496 --- [    Test worker] .s.d.r.c.RepositoryConfigurationDelegate : Finished Spring Data repository scanning in 67 ms. Found 5 JPA repository interfaces.
2024-05-18 00:13:43.097  INFO 13496 --- [    Test worker] o.hibernate.jpa.internal.util.LogHelper  : HHH000204: Processing PersistenceUnitInfo [name: default]
2024-05-18 00:13:43.175  INFO 13496 --- [    Test worker] org.hibernate.Version                    : HHH000412: Hibernate ORM core version 5.6.14.Final
2024-05-18 00:13:43.216  INFO 13496 --- [    Test worker] o.hibernate.annotations.common.Version   : HCANN000001: Hibernate Commons Annotations {5.1.2.Final}
2024-05-18 00:13:43.318  INFO 13496 --- [    Test worker] com.zaxxer.hikari.HikariDataSource       : HikariPool-1 - Starting...
2024-05-18 00:13:43.516  INFO 13496 --- [    Test worker] com.zaxxer.hikari.HikariDataSource       : HikariPool-1 - Start completed.
2024-05-18 00:13:43.549  INFO 13496 --- [    Test worker] org.hibernate.dialect.Dialect            : HHH000400: Using dialect: org.hibernate.dialect.H2Dialect
Hibernate: 
    
    drop table if exists mail_send_history CASCADE 
Hibernate: 
    
    drop table if exists order_product CASCADE 
Hibernate: 
    
    drop table if exists orders CASCADE 
Hibernate: 
    
    drop table if exists product CASCADE 
Hibernate: 
    
    drop table if exists stock CASCADE 
Hibernate: 
    
    create table mail_send_history (
       id bigint generated by default as identity,
        created_date_time timestamp,
        modified_date_time timestamp,
        content varchar(255),
        from_email varchar(255),
        subject varchar(255),
        to_email varchar(255),
        primary key (id)
    )
Hibernate: 
    
    create table order_product (
       id bigint generated by default as identity,
        created_date_time timestamp,
        modified_date_time timestamp,
        order_id bigint,
        product_id bigint,
        primary key (id)
    )
Hibernate: 
    
    create table orders (
       id bigint generated by default as identity,
        created_date_time timestamp,
        modified_date_time timestamp,
        order_status varchar(255),
        registered_date_time timestamp,
        total_price integer not null,
        primary key (id)
    )
Hibernate: 
    
    create table product (
       id bigint generated by default as identity,
        created_date_time timestamp,
        modified_date_time timestamp,
        name varchar(255),
        price integer not null,
        product_number varchar(255),
        selling_status varchar(255),
        type varchar(255),
        primary key (id)
    )
Hibernate: 
    
    create table stock (
       id bigint generated by default as identity,
        created_date_time timestamp,
        modified_date_time timestamp,
        product_number varchar(255),
        quantity integer not null,
        primary key (id)
    )
Hibernate: 
    
    alter table order_product 
       add constraint FKl5mnj9n0di7k1v90yxnthkc73 
       foreign key (order_id) 
       references orders
Hibernate: 
    
    alter table order_product 
       add constraint FKhnfgqyjx3i80qoymrssls3kno 
       foreign key (product_id) 
       references product
2024-05-18 00:13:44.073  INFO 13496 --- [    Test worker] o.h.e.t.j.p.i.JtaPlatformInitiator       : HHH000490: Using JtaPlatform implementation: [org.hibernate.engine.transaction.jta.platform.internal.NoJtaPlatform]
2024-05-18 00:13:44.081  INFO 13496 --- [    Test worker] j.LocalContainerEntityManagerFactoryBean : Initialized JPA EntityManagerFactory for persistence unit 'default'
2024-05-18 00:13:44.659  WARN 13496 --- [    Test worker] JpaBaseConfiguration$JpaWebConfiguration : spring.jpa.open-in-view is enabled by default. Therefore, database queries may be performed during view rendering. Explicitly configure spring.jpa.open-in-view to disable this warning
2024-05-18 00:13:44.961  INFO 13496 --- [    Test worker] s.c.s.api.product.ProductServiceTest     : Started ProductServiceTest in 2.514 seconds (JVM running for 6.411)
2024-05-18 00:13:44.972  INFO 13496 --- [    Test worker] o.s.t.c.transaction.TransactionContext   : Began transaction (1) for test context [DefaultTestContext@2e04dbc1 testClass = ProductServiceTest, testInstance = sample.cafekiosk.spring.api.product.ProductServiceTest@50cb64d5, testMethod = createProductWhenProductIsEmpty@ProductServiceTest, testException = [null], mergedContextConfiguration = [WebMergedContextConfiguration@9be2897 testClass = ProductServiceTest, locations = '{}', classes = '{class sample.cafekiosk.CafekioskApplication}', contextInitializerClasses = '[]', activeProfiles = '{test}', propertySourceLocations = '{}', propertySourceProperties = '{org.springframework.boot.test.context.SpringBootTestContextBootstrapper=true}', contextCustomizers = set[org.springframework.boot.test.autoconfigure.actuate.metrics.MetricsExportContextCustomizerFactory$DisableMetricExportContextCustomizer@52350abb, org.springframework.boot.test.autoconfigure.properties.PropertyMappingContextCustomizer@0, org.springframework.boot.test.autoconfigure.web.servlet.WebDriverContextCustomizerFactory$Customizer@fac80, org.springframework.boot.test.context.filter.ExcludeFilterContextCustomizer@1fe8d51b, org.springframework.boot.test.json.DuplicateJsonObjectContextCustomizerFactory$DuplicateJsonObjectContextCustomizer@60d84f61, org.springframework.boot.test.mock.mockito.MockitoContextCustomizer@0, org.springframework.boot.test.web.client.TestRestTemplateContextCustomizer@1dc9f5ad, org.springframework.boot.test.context.SpringBootTestArgs@1, org.springframework.boot.test.context.SpringBootTestWebEnvironment@d278d2b], resourceBasePath = 'src/main/webapp', contextLoader = 'org.springframework.boot.test.context.SpringBootContextLoader', parent = [null]], attributes = map['org.springframework.test.context.web.ServletTestExecutionListener.activateListener' -> true, 'org.springframework.test.context.web.ServletTestExecutionListener.populatedRequestContextHolder' -> true, 'org.springframework.test.context.web.ServletTestExecutionListener.resetRequestContextHolder' -> true, 'org.springframework.test.context.event.ApplicationEventsTestExecutionListener.recordApplicationEvents' -> false]]; transaction manager [org.springframework.orm.jpa.JpaTransactionManager@49c74506]; rollback [true]
Hibernate: 
    select
        p.product_number 
    from
        product p 
    order by
        id desc limit 1
Hibernate: 
    insert 
    into
        product
        (id, created_date_time, modified_date_time, name, price, product_number, selling_status, type) 
    values
        (default, ?, ?, ?, ?, ?, ?, ?)
Hibernate: 
    select
        product0_.id as id1_3_,
        product0_.created_date_time as created_2_3_,
        product0_.modified_date_time as modified3_3_,
        product0_.name as name4_3_,
        product0_.price as price5_3_,
        product0_.product_number as product_6_3_,
        product0_.selling_status as selling_7_3_,
        product0_.type as type8_3_ 
    from
        product product0_
Hibernate: 
    delete 
    from
        product
2024-05-18 00:13:45.170  INFO 13496 --- [    Test worker] o.s.t.c.transaction.TransactionContext   : Rolled back transaction for test: [DefaultTestContext@2e04dbc1 testClass = ProductServiceTest, testInstance = sample.cafekiosk.spring.api.product.ProductServiceTest@50cb64d5, testMethod = createProductWhenProductIsEmpty@ProductServiceTest, testException = [null], mergedContextConfiguration = [WebMergedContextConfiguration@9be2897 testClass = ProductServiceTest, locations = '{}', classes = '{class sample.cafekiosk.CafekioskApplication}', contextInitializerClasses = '[]', activeProfiles = '{test}', propertySourceLocations = '{}', propertySourceProperties = '{org.springframework.boot.test.context.SpringBootTestContextBootstrapper=true}', contextCustomizers = set[org.springframework.boot.test.autoconfigure.actuate.metrics.MetricsExportContextCustomizerFactory$DisableMetricExportContextCustomizer@52350abb, org.springframework.boot.test.autoconfigure.properties.PropertyMappingContextCustomizer@0, org.springframework.boot.test.autoconfigure.web.servlet.WebDriverContextCustomizerFactory$Customizer@fac80, org.springframework.boot.test.context.filter.ExcludeFilterContextCustomizer@1fe8d51b, org.springframework.boot.test.json.DuplicateJsonObjectContextCustomizerFactory$DuplicateJsonObjectContextCustomizer@60d84f61, org.springframework.boot.test.mock.mockito.MockitoContextCustomizer@0, org.springframework.boot.test.web.client.TestRestTemplateContextCustomizer@1dc9f5ad, org.springframework.boot.test.context.SpringBootTestArgs@1, org.springframework.boot.test.context.SpringBootTestWebEnvironment@d278d2b], resourceBasePath = 'src/main/webapp', contextLoader = 'org.springframework.boot.test.context.SpringBootContextLoader', parent = [null]], attributes = map['org.springframework.test.context.web.ServletTestExecutionListener.activateListener' -> true, 'org.springframework.test.context.web.ServletTestExecutionListener.populatedRequestContextHolder' -> true, 'org.springframework.test.context.web.ServletTestExecutionListener.resetRequestContextHolder' -> true, 'org.springframework.test.context.event.ApplicationEventsTestExecutionListener.recordApplicationEvents' -> false]]
2024-05-18 00:13:45.172  INFO 13496 --- [    Test worker] o.s.t.c.transaction.TransactionContext   : Began transaction (1) for test context [DefaultTestContext@2e04dbc1 testClass = ProductServiceTest, testInstance = sample.cafekiosk.spring.api.product.ProductServiceTest@5ceb6796, testMethod = createProduct@ProductServiceTest, testException = [null], mergedContextConfiguration = [WebMergedContextConfiguration@9be2897 testClass = ProductServiceTest, locations = '{}', classes = '{class sample.cafekiosk.CafekioskApplication}', contextInitializerClasses = '[]', activeProfiles = '{test}', propertySourceLocations = '{}', propertySourceProperties = '{org.springframework.boot.test.context.SpringBootTestContextBootstrapper=true}', contextCustomizers = set[org.springframework.boot.test.autoconfigure.actuate.metrics.MetricsExportContextCustomizerFactory$DisableMetricExportContextCustomizer@52350abb, org.springframework.boot.test.autoconfigure.properties.PropertyMappingContextCustomizer@0, org.springframework.boot.test.autoconfigure.web.servlet.WebDriverContextCustomizerFactory$Customizer@fac80, org.springframework.boot.test.context.filter.ExcludeFilterContextCustomizer@1fe8d51b, org.springframework.boot.test.json.DuplicateJsonObjectContextCustomizerFactory$DuplicateJsonObjectContextCustomizer@60d84f61, org.springframework.boot.test.mock.mockito.MockitoContextCustomizer@0, org.springframework.boot.test.web.client.TestRestTemplateContextCustomizer@1dc9f5ad, org.springframework.boot.test.context.SpringBootTestArgs@1, org.springframework.boot.test.context.SpringBootTestWebEnvironment@d278d2b], resourceBasePath = 'src/main/webapp', contextLoader = 'org.springframework.boot.test.context.SpringBootContextLoader', parent = [null]], attributes = map['org.springframework.test.context.web.ServletTestExecutionListener.activateListener' -> true, 'org.springframework.test.context.web.ServletTestExecutionListener.populatedRequestContextHolder' -> true, 'org.springframework.test.context.web.ServletTestExecutionListener.resetRequestContextHolder' -> true, 'org.springframework.test.context.event.ApplicationEventsTestExecutionListener.recordApplicationEvents' -> false]]; transaction manager [org.springframework.orm.jpa.JpaTransactionManager@49c74506]; rollback [true]
Hibernate: 
    insert 
    into
        product
        (id, created_date_time, modified_date_time, name, price, product_number, selling_status, type) 
    values
        (default, ?, ?, ?, ?, ?, ?, ?)
Hibernate: 
    select
        p.product_number 
    from
        product p 
    order by
        id desc limit 1
Hibernate: 
    insert 
    into
        product
        (id, created_date_time, modified_date_time, name, price, product_number, selling_status, type) 
    values
        (default, ?, ?, ?, ?, ?, ?, ?)
Hibernate: 
    select
        product0_.id as id1_3_,
        product0_.created_date_time as created_2_3_,
        product0_.modified_date_time as modified3_3_,
        product0_.name as name4_3_,
        product0_.price as price5_3_,
        product0_.product_number as product_6_3_,
        product0_.selling_status as selling_7_3_,
        product0_.type as type8_3_ 
    from
        product product0_
Hibernate: 
    delete 
    from
        product
2024-05-18 00:13:45.180  INFO 13496 --- [    Test worker] o.s.t.c.transaction.TransactionContext   : Rolled back transaction for test: [DefaultTestContext@2e04dbc1 testClass = ProductServiceTest, testInstance = sample.cafekiosk.spring.api.product.ProductServiceTest@5ceb6796, testMethod = createProduct@ProductServiceTest, testException = [null], mergedContextConfiguration = [WebMergedContextConfiguration@9be2897 testClass = ProductServiceTest, locations = '{}', classes = '{class sample.cafekiosk.CafekioskApplication}', contextInitializerClasses = '[]', activeProfiles = '{test}', propertySourceLocations = '{}', propertySourceProperties = '{org.springframework.boot.test.context.SpringBootTestContextBootstrapper=true}', contextCustomizers = set[org.springframework.boot.test.autoconfigure.actuate.metrics.MetricsExportContextCustomizerFactory$DisableMetricExportContextCustomizer@52350abb, org.springframework.boot.test.autoconfigure.properties.PropertyMappingContextCustomizer@0, org.springframework.boot.test.autoconfigure.web.servlet.WebDriverContextCustomizerFactory$Customizer@fac80, org.springframework.boot.test.context.filter.ExcludeFilterContextCustomizer@1fe8d51b, org.springframework.boot.test.json.DuplicateJsonObjectContextCustomizerFactory$DuplicateJsonObjectContextCustomizer@60d84f61, org.springframework.boot.test.mock.mockito.MockitoContextCustomizer@0, org.springframework.boot.test.web.client.TestRestTemplateContextCustomizer@1dc9f5ad, org.springframework.boot.test.context.SpringBootTestArgs@1, org.springframework.boot.test.context.SpringBootTestWebEnvironment@d278d2b], resourceBasePath = 'src/main/webapp', contextLoader = 'org.springframework.boot.test.context.SpringBootContextLoader', parent = [null]], attributes = map['org.springframework.test.context.web.ServletTestExecutionListener.activateListener' -> true, 'org.springframework.test.context.web.ServletTestExecutionListener.populatedRequestContextHolder' -> true, 'org.springframework.test.context.web.ServletTestExecutionListener.resetRequestContextHolder' -> true, 'org.springframework.test.context.event.ApplicationEventsTestExecutionListener.recordApplicationEvents' -> false]]
]]></system-out>
  <system-err><![CDATA[]]></system-err>
</testsuite>
