<?xml version="1.0" encoding="UTF-8"?>
<testsuite name="sample.cafekiosk.spring.domain.order.OrderTest" tests="3" skipped="1" failures="0" errors="0" timestamp="2024-05-17T15:13:46" hostname="DESKTOP-HLQBGOF" time="0.011">
  <properties/>
  <testcase name="주문 생성시 상품 리스트에서 주문의 총 금액을 계산합니다." classname="sample.cafekiosk.spring.domain.order.OrderTest" time="0.004"/>
  <testcase name="주문 생성시 주문 등록 시간을 기록한다." classname="sample.cafekiosk.spring.domain.order.OrderTest" time="0.004"/>
  <testcase name="주문 생성시 주문 상태는 INIT이다." classname="sample.cafekiosk.spring.domain.order.OrderTest" time="0.0">
    <skipped/>
  </testcase>
  <system-out><![CDATA[2024-05-18 00:13:46.400  INFO 13496 --- [    Test worker] .b.t.c.SpringBootTestContextBootstrapper : Neither @ContextConfiguration nor @ContextHierarchy found for test class [sample.cafekiosk.spring.domain.order.OrderTest], using SpringBootContextLoader
2024-05-18 00:13:46.401  INFO 13496 --- [    Test worker] o.s.t.c.support.AbstractContextLoader    : Could not detect default resource locations for test class [sample.cafekiosk.spring.domain.order.OrderTest]: no resource found for suffixes {-context.xml, Context.groovy}.
2024-05-18 00:13:46.401  INFO 13496 --- [    Test worker] t.c.s.AnnotationConfigContextLoaderUtils : Could not detect default configuration classes for test class [sample.cafekiosk.spring.domain.order.OrderTest]: OrderTest does not declare any static, non-private, non-final, nested classes annotated with @Configuration.
2024-05-18 00:13:46.402  INFO 13496 --- [    Test worker] .b.t.c.SpringBootTestContextBootstrapper : Found @SpringBootConfiguration sample.cafekiosk.CafekioskApplication for test class sample.cafekiosk.spring.domain.order.OrderTest
2024-05-18 00:13:46.403  INFO 13496 --- [    Test worker] .b.t.c.SpringBootTestContextBootstrapper : Loaded default TestExecutionListener class names from location [META-INF/spring.factories]: [org.springframework.boot.test.autoconfigure.restdocs.RestDocsTestExecutionListener, org.springframework.boot.test.autoconfigure.web.client.MockRestServiceServerResetTestExecutionListener, org.springframework.boot.test.autoconfigure.web.servlet.MockMvcPrintOnlyOnFailureTestExecutionListener, org.springframework.boot.test.autoconfigure.web.servlet.WebDriverTestExecutionListener, org.springframework.boot.test.autoconfigure.webservices.client.MockWebServiceServerTestExecutionListener, org.springframework.boot.test.mock.mockito.MockitoTestExecutionListener, org.springframework.boot.test.mock.mockito.ResetMocksTestExecutionListener, org.springframework.test.context.web.ServletTestExecutionListener, org.springframework.test.context.support.DirtiesContextBeforeModesTestExecutionListener, org.springframework.test.context.event.ApplicationEventsTestExecutionListener, org.springframework.test.context.support.DependencyInjectionTestExecutionListener, org.springframework.test.context.support.DirtiesContextTestExecutionListener, org.springframework.test.context.transaction.TransactionalTestExecutionListener, org.springframework.test.context.jdbc.SqlScriptsTestExecutionListener, org.springframework.test.context.event.EventPublishingTestExecutionListener]
2024-05-18 00:13:46.404  INFO 13496 --- [    Test worker] .b.t.c.SpringBootTestContextBootstrapper : Using TestExecutionListeners: [org.springframework.test.context.web.ServletTestExecutionListener@50e0541, org.springframework.test.context.support.DirtiesContextBeforeModesTestExecutionListener@25a41143, org.springframework.test.context.event.ApplicationEventsTestExecutionListener@6654e105, org.springframework.boot.test.mock.mockito.MockitoTestExecutionListener@59be715a, org.springframework.boot.test.autoconfigure.SpringBootDependencyInjectionTestExecutionListener@2cef4321, org.springframework.test.context.support.DirtiesContextTestExecutionListener@29c471f6, org.springframework.test.context.transaction.TransactionalTestExecutionListener@6859f102, org.springframework.test.context.jdbc.SqlScriptsTestExecutionListener@424769f2, org.springframework.test.context.event.EventPublishingTestExecutionListener@1467dcd0, org.springframework.boot.test.autoconfigure.restdocs.RestDocsTestExecutionListener@1ea6446b, org.springframework.boot.test.autoconfigure.web.client.MockRestServiceServerResetTestExecutionListener@39d0775c, org.springframework.boot.test.autoconfigure.web.servlet.MockMvcPrintOnlyOnFailureTestExecutionListener@40a1916d, org.springframework.boot.test.autoconfigure.web.servlet.WebDriverTestExecutionListener@6a8a54f5, org.springframework.boot.test.autoconfigure.webservices.client.MockWebServiceServerTestExecutionListener@4623c0d3, org.springframework.boot.test.mock.mockito.ResetMocksTestExecutionListener@7c7335dc]
2024-05-18 00:13:46.407  INFO 13496 --- [    Test worker] o.s.t.c.transaction.TransactionContext   : Began transaction (1) for test context [DefaultTestContext@3095e9c6 testClass = OrderTest, testInstance = sample.cafekiosk.spring.domain.order.OrderTest@8802edd, testMethod = calculateTotalPrice@OrderTest, testException = [null], mergedContextConfiguration = [WebMergedContextConfiguration@50fd4246 testClass = OrderTest, locations = '{}', classes = '{class sample.cafekiosk.CafekioskApplication}', contextInitializerClasses = '[]', activeProfiles = '{test}', propertySourceLocations = '{}', propertySourceProperties = '{org.springframework.boot.test.context.SpringBootTestContextBootstrapper=true}', contextCustomizers = set[org.springframework.boot.test.autoconfigure.actuate.metrics.MetricsExportContextCustomizerFactory$DisableMetricExportContextCustomizer@52350abb, org.springframework.boot.test.autoconfigure.properties.PropertyMappingContextCustomizer@0, org.springframework.boot.test.autoconfigure.web.servlet.WebDriverContextCustomizerFactory$Customizer@fac80, org.springframework.boot.test.context.filter.ExcludeFilterContextCustomizer@1fe8d51b, org.springframework.boot.test.json.DuplicateJsonObjectContextCustomizerFactory$DuplicateJsonObjectContextCustomizer@60d84f61, org.springframework.boot.test.mock.mockito.MockitoContextCustomizer@0, org.springframework.boot.test.web.client.TestRestTemplateContextCustomizer@1dc9f5ad, org.springframework.boot.test.context.SpringBootTestArgs@1, org.springframework.boot.test.context.SpringBootTestWebEnvironment@d278d2b], resourceBasePath = 'src/main/webapp', contextLoader = 'org.springframework.boot.test.context.SpringBootContextLoader', parent = [null]], attributes = map['org.springframework.test.context.web.ServletTestExecutionListener.activateListener' -> true, 'org.springframework.test.context.web.ServletTestExecutionListener.populatedRequestContextHolder' -> true, 'org.springframework.test.context.web.ServletTestExecutionListener.resetRequestContextHolder' -> true, 'org.springframework.test.context.event.ApplicationEventsTestExecutionListener.recordApplicationEvents' -> false]]; transaction manager [org.springframework.orm.jpa.JpaTransactionManager@49c74506]; rollback [true]
2024-05-18 00:13:46.410  INFO 13496 --- [    Test worker] o.s.t.c.transaction.TransactionContext   : Rolled back transaction for test: [DefaultTestContext@3095e9c6 testClass = OrderTest, testInstance = sample.cafekiosk.spring.domain.order.OrderTest@8802edd, testMethod = calculateTotalPrice@OrderTest, testException = [null], mergedContextConfiguration = [WebMergedContextConfiguration@50fd4246 testClass = OrderTest, locations = '{}', classes = '{class sample.cafekiosk.CafekioskApplication}', contextInitializerClasses = '[]', activeProfiles = '{test}', propertySourceLocations = '{}', propertySourceProperties = '{org.springframework.boot.test.context.SpringBootTestContextBootstrapper=true}', contextCustomizers = set[org.springframework.boot.test.autoconfigure.actuate.metrics.MetricsExportContextCustomizerFactory$DisableMetricExportContextCustomizer@52350abb, org.springframework.boot.test.autoconfigure.properties.PropertyMappingContextCustomizer@0, org.springframework.boot.test.autoconfigure.web.servlet.WebDriverContextCustomizerFactory$Customizer@fac80, org.springframework.boot.test.context.filter.ExcludeFilterContextCustomizer@1fe8d51b, org.springframework.boot.test.json.DuplicateJsonObjectContextCustomizerFactory$DuplicateJsonObjectContextCustomizer@60d84f61, org.springframework.boot.test.mock.mockito.MockitoContextCustomizer@0, org.springframework.boot.test.web.client.TestRestTemplateContextCustomizer@1dc9f5ad, org.springframework.boot.test.context.SpringBootTestArgs@1, org.springframework.boot.test.context.SpringBootTestWebEnvironment@d278d2b], resourceBasePath = 'src/main/webapp', contextLoader = 'org.springframework.boot.test.context.SpringBootContextLoader', parent = [null]], attributes = map['org.springframework.test.context.web.ServletTestExecutionListener.activateListener' -> true, 'org.springframework.test.context.web.ServletTestExecutionListener.populatedRequestContextHolder' -> true, 'org.springframework.test.context.web.ServletTestExecutionListener.resetRequestContextHolder' -> true, 'org.springframework.test.context.event.ApplicationEventsTestExecutionListener.recordApplicationEvents' -> false]]
2024-05-18 00:13:46.412  INFO 13496 --- [    Test worker] o.s.t.c.transaction.TransactionContext   : Began transaction (1) for test context [DefaultTestContext@3095e9c6 testClass = OrderTest, testInstance = sample.cafekiosk.spring.domain.order.OrderTest@26753687, testMethod = registeredDateTime@OrderTest, testException = [null], mergedContextConfiguration = [WebMergedContextConfiguration@50fd4246 testClass = OrderTest, locations = '{}', classes = '{class sample.cafekiosk.CafekioskApplication}', contextInitializerClasses = '[]', activeProfiles = '{test}', propertySourceLocations = '{}', propertySourceProperties = '{org.springframework.boot.test.context.SpringBootTestContextBootstrapper=true}', contextCustomizers = set[org.springframework.boot.test.autoconfigure.actuate.metrics.MetricsExportContextCustomizerFactory$DisableMetricExportContextCustomizer@52350abb, org.springframework.boot.test.autoconfigure.properties.PropertyMappingContextCustomizer@0, org.springframework.boot.test.autoconfigure.web.servlet.WebDriverContextCustomizerFactory$Customizer@fac80, org.springframework.boot.test.context.filter.ExcludeFilterContextCustomizer@1fe8d51b, org.springframework.boot.test.json.DuplicateJsonObjectContextCustomizerFactory$DuplicateJsonObjectContextCustomizer@60d84f61, org.springframework.boot.test.mock.mockito.MockitoContextCustomizer@0, org.springframework.boot.test.web.client.TestRestTemplateContextCustomizer@1dc9f5ad, org.springframework.boot.test.context.SpringBootTestArgs@1, org.springframework.boot.test.context.SpringBootTestWebEnvironment@d278d2b], resourceBasePath = 'src/main/webapp', contextLoader = 'org.springframework.boot.test.context.SpringBootContextLoader', parent = [null]], attributes = map['org.springframework.test.context.web.ServletTestExecutionListener.activateListener' -> true, 'org.springframework.test.context.web.ServletTestExecutionListener.populatedRequestContextHolder' -> true, 'org.springframework.test.context.web.ServletTestExecutionListener.resetRequestContextHolder' -> true, 'org.springframework.test.context.event.ApplicationEventsTestExecutionListener.recordApplicationEvents' -> false]]; transaction manager [org.springframework.orm.jpa.JpaTransactionManager@49c74506]; rollback [true]
2024-05-18 00:13:46.416  INFO 13496 --- [    Test worker] o.s.t.c.transaction.TransactionContext   : Rolled back transaction for test: [DefaultTestContext@3095e9c6 testClass = OrderTest, testInstance = sample.cafekiosk.spring.domain.order.OrderTest@26753687, testMethod = registeredDateTime@OrderTest, testException = [null], mergedContextConfiguration = [WebMergedContextConfiguration@50fd4246 testClass = OrderTest, locations = '{}', classes = '{class sample.cafekiosk.CafekioskApplication}', contextInitializerClasses = '[]', activeProfiles = '{test}', propertySourceLocations = '{}', propertySourceProperties = '{org.springframework.boot.test.context.SpringBootTestContextBootstrapper=true}', contextCustomizers = set[org.springframework.boot.test.autoconfigure.actuate.metrics.MetricsExportContextCustomizerFactory$DisableMetricExportContextCustomizer@52350abb, org.springframework.boot.test.autoconfigure.properties.PropertyMappingContextCustomizer@0, org.springframework.boot.test.autoconfigure.web.servlet.WebDriverContextCustomizerFactory$Customizer@fac80, org.springframework.boot.test.context.filter.ExcludeFilterContextCustomizer@1fe8d51b, org.springframework.boot.test.json.DuplicateJsonObjectContextCustomizerFactory$DuplicateJsonObjectContextCustomizer@60d84f61, org.springframework.boot.test.mock.mockito.MockitoContextCustomizer@0, org.springframework.boot.test.web.client.TestRestTemplateContextCustomizer@1dc9f5ad, org.springframework.boot.test.context.SpringBootTestArgs@1, org.springframework.boot.test.context.SpringBootTestWebEnvironment@d278d2b], resourceBasePath = 'src/main/webapp', contextLoader = 'org.springframework.boot.test.context.SpringBootContextLoader', parent = [null]], attributes = map['org.springframework.test.context.web.ServletTestExecutionListener.activateListener' -> true, 'org.springframework.test.context.web.ServletTestExecutionListener.populatedRequestContextHolder' -> true, 'org.springframework.test.context.web.ServletTestExecutionListener.resetRequestContextHolder' -> true, 'org.springframework.test.context.event.ApplicationEventsTestExecutionListener.recordApplicationEvents' -> false]]
]]></system-out>
  <system-err><![CDATA[]]></system-err>
</testsuite>
