<?xml version="1.0" encoding="UTF-8"?>
<testsuite name="sample.cafekiosk.spring.domain.stock.StockRepositoryTest" tests="4" skipped="0" failures="0" errors="0" timestamp="2024-05-17T15:13:46" hostname="DESKTOP-HLQBGOF" time="0.025">
  <properties/>
  <testcase name="재고를 주어진 개수만큼 차감할 수 있다." classname="sample.cafekiosk.spring.domain.stock.StockRepositoryTest" time="0.003"/>
  <testcase name="상품번호 리스트로 재고를 조회한다." classname="sample.cafekiosk.spring.domain.stock.StockRepositoryTest" time="0.012"/>
  <testcase name="재고의 수량이 제공된 수량 보다 작은지 확인한다." classname="sample.cafekiosk.spring.domain.stock.StockRepositoryTest" time="0.004"/>
  <testcase name="재고 보다 많은 수량으로 차감시도하는 경우 예외가 발생한다." classname="sample.cafekiosk.spring.domain.stock.StockRepositoryTest" time="0.004"/>
  <system-out><![CDATA[2024-05-18 00:13:46.513  INFO 13496 --- [    Test worker] .b.t.c.SpringBootTestContextBootstrapper : Neither @ContextConfiguration nor @ContextHierarchy found for test class [sample.cafekiosk.spring.domain.stock.StockRepositoryTest], using SpringBootContextLoader
2024-05-18 00:13:46.514  INFO 13496 --- [    Test worker] o.s.t.c.support.AbstractContextLoader    : Could not detect default resource locations for test class [sample.cafekiosk.spring.domain.stock.StockRepositoryTest]: no resource found for suffixes {-context.xml, Context.groovy}.
2024-05-18 00:13:46.514  INFO 13496 --- [    Test worker] t.c.s.AnnotationConfigContextLoaderUtils : Could not detect default configuration classes for test class [sample.cafekiosk.spring.domain.stock.StockRepositoryTest]: StockRepositoryTest does not declare any static, non-private, non-final, nested classes annotated with @Configuration.
2024-05-18 00:13:46.520  INFO 13496 --- [    Test worker] .b.t.c.SpringBootTestContextBootstrapper : Found @SpringBootConfiguration sample.cafekiosk.CafekioskApplication for test class sample.cafekiosk.spring.domain.stock.StockRepositoryTest
2024-05-18 00:13:46.522  INFO 13496 --- [    Test worker] .b.t.c.SpringBootTestContextBootstrapper : Loaded default TestExecutionListener class names from location [META-INF/spring.factories]: [org.springframework.boot.test.autoconfigure.restdocs.RestDocsTestExecutionListener, org.springframework.boot.test.autoconfigure.web.client.MockRestServiceServerResetTestExecutionListener, org.springframework.boot.test.autoconfigure.web.servlet.MockMvcPrintOnlyOnFailureTestExecutionListener, org.springframework.boot.test.autoconfigure.web.servlet.WebDriverTestExecutionListener, org.springframework.boot.test.autoconfigure.webservices.client.MockWebServiceServerTestExecutionListener, org.springframework.boot.test.mock.mockito.MockitoTestExecutionListener, org.springframework.boot.test.mock.mockito.ResetMocksTestExecutionListener, org.springframework.test.context.web.ServletTestExecutionListener, org.springframework.test.context.support.DirtiesContextBeforeModesTestExecutionListener, org.springframework.test.context.event.ApplicationEventsTestExecutionListener, org.springframework.test.context.support.DependencyInjectionTestExecutionListener, org.springframework.test.context.support.DirtiesContextTestExecutionListener, org.springframework.test.context.transaction.TransactionalTestExecutionListener, org.springframework.test.context.jdbc.SqlScriptsTestExecutionListener, org.springframework.test.context.event.EventPublishingTestExecutionListener]
2024-05-18 00:13:46.522  INFO 13496 --- [    Test worker] .b.t.c.SpringBootTestContextBootstrapper : Using TestExecutionListeners: [org.springframework.test.context.web.ServletTestExecutionListener@5c4f07c1, org.springframework.test.context.support.DirtiesContextBeforeModesTestExecutionListener@15a8b228, org.springframework.test.context.event.ApplicationEventsTestExecutionListener@5a69f1ef, org.springframework.boot.test.mock.mockito.MockitoTestExecutionListener@54fd5f6, org.springframework.boot.test.autoconfigure.SpringBootDependencyInjectionTestExecutionListener@219aab91, org.springframework.test.context.support.DirtiesContextTestExecutionListener@71737478, org.springframework.test.context.transaction.TransactionalTestExecutionListener@64001530, org.springframework.test.context.jdbc.SqlScriptsTestExecutionListener@1f9b8c23, org.springframework.test.context.event.EventPublishingTestExecutionListener@6b297a62, org.springframework.boot.test.autoconfigure.restdocs.RestDocsTestExecutionListener@11303cb, org.springframework.boot.test.autoconfigure.web.client.MockRestServiceServerResetTestExecutionListener@655e3f4c, org.springframework.boot.test.autoconfigure.web.servlet.MockMvcPrintOnlyOnFailureTestExecutionListener@26e74d50, org.springframework.boot.test.autoconfigure.web.servlet.WebDriverTestExecutionListener@6bdc984, org.springframework.boot.test.autoconfigure.webservices.client.MockWebServiceServerTestExecutionListener@1f299fc3, org.springframework.boot.test.mock.mockito.ResetMocksTestExecutionListener@b997735]
2024-05-18 00:13:46.525  INFO 13496 --- [    Test worker] o.s.t.c.transaction.TransactionContext   : Began transaction (1) for test context [DefaultTestContext@7f913c47 testClass = StockRepositoryTest, testInstance = sample.cafekiosk.spring.domain.stock.StockRepositoryTest@2c9573f1, testMethod = deductQuantity@StockRepositoryTest, testException = [null], mergedContextConfiguration = [WebMergedContextConfiguration@6cf58989 testClass = StockRepositoryTest, locations = '{}', classes = '{class sample.cafekiosk.CafekioskApplication}', contextInitializerClasses = '[]', activeProfiles = '{test}', propertySourceLocations = '{}', propertySourceProperties = '{org.springframework.boot.test.context.SpringBootTestContextBootstrapper=true}', contextCustomizers = set[org.springframework.boot.test.autoconfigure.actuate.metrics.MetricsExportContextCustomizerFactory$DisableMetricExportContextCustomizer@52350abb, org.springframework.boot.test.autoconfigure.properties.PropertyMappingContextCustomizer@0, org.springframework.boot.test.autoconfigure.web.servlet.WebDriverContextCustomizerFactory$Customizer@fac80, org.springframework.boot.test.context.filter.ExcludeFilterContextCustomizer@1fe8d51b, org.springframework.boot.test.json.DuplicateJsonObjectContextCustomizerFactory$DuplicateJsonObjectContextCustomizer@60d84f61, org.springframework.boot.test.mock.mockito.MockitoContextCustomizer@0, org.springframework.boot.test.web.client.TestRestTemplateContextCustomizer@1dc9f5ad, org.springframework.boot.test.context.SpringBootTestArgs@1, org.springframework.boot.test.context.SpringBootTestWebEnvironment@d278d2b], resourceBasePath = 'src/main/webapp', contextLoader = 'org.springframework.boot.test.context.SpringBootContextLoader', parent = [null]], attributes = map['org.springframework.test.context.web.ServletTestExecutionListener.activateListener' -> true, 'org.springframework.test.context.web.ServletTestExecutionListener.populatedRequestContextHolder' -> true, 'org.springframework.test.context.web.ServletTestExecutionListener.resetRequestContextHolder' -> true, 'org.springframework.test.context.event.ApplicationEventsTestExecutionListener.recordApplicationEvents' -> false]]; transaction manager [org.springframework.orm.jpa.JpaTransactionManager@49c74506]; rollback [true]
2024-05-18 00:13:46.527  INFO 13496 --- [    Test worker] o.s.t.c.transaction.TransactionContext   : Rolled back transaction for test: [DefaultTestContext@7f913c47 testClass = StockRepositoryTest, testInstance = sample.cafekiosk.spring.domain.stock.StockRepositoryTest@2c9573f1, testMethod = deductQuantity@StockRepositoryTest, testException = [null], mergedContextConfiguration = [WebMergedContextConfiguration@6cf58989 testClass = StockRepositoryTest, locations = '{}', classes = '{class sample.cafekiosk.CafekioskApplication}', contextInitializerClasses = '[]', activeProfiles = '{test}', propertySourceLocations = '{}', propertySourceProperties = '{org.springframework.boot.test.context.SpringBootTestContextBootstrapper=true}', contextCustomizers = set[org.springframework.boot.test.autoconfigure.actuate.metrics.MetricsExportContextCustomizerFactory$DisableMetricExportContextCustomizer@52350abb, org.springframework.boot.test.autoconfigure.properties.PropertyMappingContextCustomizer@0, org.springframework.boot.test.autoconfigure.web.servlet.WebDriverContextCustomizerFactory$Customizer@fac80, org.springframework.boot.test.context.filter.ExcludeFilterContextCustomizer@1fe8d51b, org.springframework.boot.test.json.DuplicateJsonObjectContextCustomizerFactory$DuplicateJsonObjectContextCustomizer@60d84f61, org.springframework.boot.test.mock.mockito.MockitoContextCustomizer@0, org.springframework.boot.test.web.client.TestRestTemplateContextCustomizer@1dc9f5ad, org.springframework.boot.test.context.SpringBootTestArgs@1, org.springframework.boot.test.context.SpringBootTestWebEnvironment@d278d2b], resourceBasePath = 'src/main/webapp', contextLoader = 'org.springframework.boot.test.context.SpringBootContextLoader', parent = [null]], attributes = map['org.springframework.test.context.web.ServletTestExecutionListener.activateListener' -> true, 'org.springframework.test.context.web.ServletTestExecutionListener.populatedRequestContextHolder' -> true, 'org.springframework.test.context.web.ServletTestExecutionListener.resetRequestContextHolder' -> true, 'org.springframework.test.context.event.ApplicationEventsTestExecutionListener.recordApplicationEvents' -> false]]
2024-05-18 00:13:46.528  INFO 13496 --- [    Test worker] o.s.t.c.transaction.TransactionContext   : Began transaction (1) for test context [DefaultTestContext@7f913c47 testClass = StockRepositoryTest, testInstance = sample.cafekiosk.spring.domain.stock.StockRepositoryTest@4b954cbb, testMethod = findAllByProductNumberIn@StockRepositoryTest, testException = [null], mergedContextConfiguration = [WebMergedContextConfiguration@6cf58989 testClass = StockRepositoryTest, locations = '{}', classes = '{class sample.cafekiosk.CafekioskApplication}', contextInitializerClasses = '[]', activeProfiles = '{test}', propertySourceLocations = '{}', propertySourceProperties = '{org.springframework.boot.test.context.SpringBootTestContextBootstrapper=true}', contextCustomizers = set[org.springframework.boot.test.autoconfigure.actuate.metrics.MetricsExportContextCustomizerFactory$DisableMetricExportContextCustomizer@52350abb, org.springframework.boot.test.autoconfigure.properties.PropertyMappingContextCustomizer@0, org.springframework.boot.test.autoconfigure.web.servlet.WebDriverContextCustomizerFactory$Customizer@fac80, org.springframework.boot.test.context.filter.ExcludeFilterContextCustomizer@1fe8d51b, org.springframework.boot.test.json.DuplicateJsonObjectContextCustomizerFactory$DuplicateJsonObjectContextCustomizer@60d84f61, org.springframework.boot.test.mock.mockito.MockitoContextCustomizer@0, org.springframework.boot.test.web.client.TestRestTemplateContextCustomizer@1dc9f5ad, org.springframework.boot.test.context.SpringBootTestArgs@1, org.springframework.boot.test.context.SpringBootTestWebEnvironment@d278d2b], resourceBasePath = 'src/main/webapp', contextLoader = 'org.springframework.boot.test.context.SpringBootContextLoader', parent = [null]], attributes = map['org.springframework.test.context.web.ServletTestExecutionListener.activateListener' -> true, 'org.springframework.test.context.web.ServletTestExecutionListener.populatedRequestContextHolder' -> true, 'org.springframework.test.context.web.ServletTestExecutionListener.resetRequestContextHolder' -> true, 'org.springframework.test.context.event.ApplicationEventsTestExecutionListener.recordApplicationEvents' -> false]]; transaction manager [org.springframework.orm.jpa.JpaTransactionManager@49c74506]; rollback [true]
Hibernate: 
    insert 
    into
        stock
        (id, created_date_time, modified_date_time, product_number, quantity) 
    values
        (default, ?, ?, ?, ?)
Hibernate: 
    insert 
    into
        stock
        (id, created_date_time, modified_date_time, product_number, quantity) 
    values
        (default, ?, ?, ?, ?)
Hibernate: 
    insert 
    into
        stock
        (id, created_date_time, modified_date_time, product_number, quantity) 
    values
        (default, ?, ?, ?, ?)
Hibernate: 
    select
        stock0_.id as id1_4_,
        stock0_.created_date_time as created_2_4_,
        stock0_.modified_date_time as modified3_4_,
        stock0_.product_number as product_4_4_,
        stock0_.quantity as quantity5_4_ 
    from
        stock stock0_ 
    where
        stock0_.product_number in (
            ? , ?
        )
2024-05-18 00:13:46.538  INFO 13496 --- [    Test worker] o.s.t.c.transaction.TransactionContext   : Rolled back transaction for test: [DefaultTestContext@7f913c47 testClass = StockRepositoryTest, testInstance = sample.cafekiosk.spring.domain.stock.StockRepositoryTest@4b954cbb, testMethod = findAllByProductNumberIn@StockRepositoryTest, testException = [null], mergedContextConfiguration = [WebMergedContextConfiguration@6cf58989 testClass = StockRepositoryTest, locations = '{}', classes = '{class sample.cafekiosk.CafekioskApplication}', contextInitializerClasses = '[]', activeProfiles = '{test}', propertySourceLocations = '{}', propertySourceProperties = '{org.springframework.boot.test.context.SpringBootTestContextBootstrapper=true}', contextCustomizers = set[org.springframework.boot.test.autoconfigure.actuate.metrics.MetricsExportContextCustomizerFactory$DisableMetricExportContextCustomizer@52350abb, org.springframework.boot.test.autoconfigure.properties.PropertyMappingContextCustomizer@0, org.springframework.boot.test.autoconfigure.web.servlet.WebDriverContextCustomizerFactory$Customizer@fac80, org.springframework.boot.test.context.filter.ExcludeFilterContextCustomizer@1fe8d51b, org.springframework.boot.test.json.DuplicateJsonObjectContextCustomizerFactory$DuplicateJsonObjectContextCustomizer@60d84f61, org.springframework.boot.test.mock.mockito.MockitoContextCustomizer@0, org.springframework.boot.test.web.client.TestRestTemplateContextCustomizer@1dc9f5ad, org.springframework.boot.test.context.SpringBootTestArgs@1, org.springframework.boot.test.context.SpringBootTestWebEnvironment@d278d2b], resourceBasePath = 'src/main/webapp', contextLoader = 'org.springframework.boot.test.context.SpringBootContextLoader', parent = [null]], attributes = map['org.springframework.test.context.web.ServletTestExecutionListener.activateListener' -> true, 'org.springframework.test.context.web.ServletTestExecutionListener.populatedRequestContextHolder' -> true, 'org.springframework.test.context.web.ServletTestExecutionListener.resetRequestContextHolder' -> true, 'org.springframework.test.context.event.ApplicationEventsTestExecutionListener.recordApplicationEvents' -> false]]
2024-05-18 00:13:46.541  INFO 13496 --- [    Test worker] o.s.t.c.transaction.TransactionContext   : Began transaction (1) for test context [DefaultTestContext@7f913c47 testClass = StockRepositoryTest, testInstance = sample.cafekiosk.spring.domain.stock.StockRepositoryTest@59da32ad, testMethod = isQuantityLessThan@StockRepositoryTest, testException = [null], mergedContextConfiguration = [WebMergedContextConfiguration@6cf58989 testClass = StockRepositoryTest, locations = '{}', classes = '{class sample.cafekiosk.CafekioskApplication}', contextInitializerClasses = '[]', activeProfiles = '{test}', propertySourceLocations = '{}', propertySourceProperties = '{org.springframework.boot.test.context.SpringBootTestContextBootstrapper=true}', contextCustomizers = set[org.springframework.boot.test.autoconfigure.actuate.metrics.MetricsExportContextCustomizerFactory$DisableMetricExportContextCustomizer@52350abb, org.springframework.boot.test.autoconfigure.properties.PropertyMappingContextCustomizer@0, org.springframework.boot.test.autoconfigure.web.servlet.WebDriverContextCustomizerFactory$Customizer@fac80, org.springframework.boot.test.context.filter.ExcludeFilterContextCustomizer@1fe8d51b, org.springframework.boot.test.json.DuplicateJsonObjectContextCustomizerFactory$DuplicateJsonObjectContextCustomizer@60d84f61, org.springframework.boot.test.mock.mockito.MockitoContextCustomizer@0, org.springframework.boot.test.web.client.TestRestTemplateContextCustomizer@1dc9f5ad, org.springframework.boot.test.context.SpringBootTestArgs@1, org.springframework.boot.test.context.SpringBootTestWebEnvironment@d278d2b], resourceBasePath = 'src/main/webapp', contextLoader = 'org.springframework.boot.test.context.SpringBootContextLoader', parent = [null]], attributes = map['org.springframework.test.context.web.ServletTestExecutionListener.activateListener' -> true, 'org.springframework.test.context.web.ServletTestExecutionListener.populatedRequestContextHolder' -> true, 'org.springframework.test.context.web.ServletTestExecutionListener.resetRequestContextHolder' -> true, 'org.springframework.test.context.event.ApplicationEventsTestExecutionListener.recordApplicationEvents' -> false]]; transaction manager [org.springframework.orm.jpa.JpaTransactionManager@49c74506]; rollback [true]
2024-05-18 00:13:46.544  INFO 13496 --- [    Test worker] o.s.t.c.transaction.TransactionContext   : Rolled back transaction for test: [DefaultTestContext@7f913c47 testClass = StockRepositoryTest, testInstance = sample.cafekiosk.spring.domain.stock.StockRepositoryTest@59da32ad, testMethod = isQuantityLessThan@StockRepositoryTest, testException = [null], mergedContextConfiguration = [WebMergedContextConfiguration@6cf58989 testClass = StockRepositoryTest, locations = '{}', classes = '{class sample.cafekiosk.CafekioskApplication}', contextInitializerClasses = '[]', activeProfiles = '{test}', propertySourceLocations = '{}', propertySourceProperties = '{org.springframework.boot.test.context.SpringBootTestContextBootstrapper=true}', contextCustomizers = set[org.springframework.boot.test.autoconfigure.actuate.metrics.MetricsExportContextCustomizerFactory$DisableMetricExportContextCustomizer@52350abb, org.springframework.boot.test.autoconfigure.properties.PropertyMappingContextCustomizer@0, org.springframework.boot.test.autoconfigure.web.servlet.WebDriverContextCustomizerFactory$Customizer@fac80, org.springframework.boot.test.context.filter.ExcludeFilterContextCustomizer@1fe8d51b, org.springframework.boot.test.json.DuplicateJsonObjectContextCustomizerFactory$DuplicateJsonObjectContextCustomizer@60d84f61, org.springframework.boot.test.mock.mockito.MockitoContextCustomizer@0, org.springframework.boot.test.web.client.TestRestTemplateContextCustomizer@1dc9f5ad, org.springframework.boot.test.context.SpringBootTestArgs@1, org.springframework.boot.test.context.SpringBootTestWebEnvironment@d278d2b], resourceBasePath = 'src/main/webapp', contextLoader = 'org.springframework.boot.test.context.SpringBootContextLoader', parent = [null]], attributes = map['org.springframework.test.context.web.ServletTestExecutionListener.activateListener' -> true, 'org.springframework.test.context.web.ServletTestExecutionListener.populatedRequestContextHolder' -> true, 'org.springframework.test.context.web.ServletTestExecutionListener.resetRequestContextHolder' -> true, 'org.springframework.test.context.event.ApplicationEventsTestExecutionListener.recordApplicationEvents' -> false]]
2024-05-18 00:13:46.546  INFO 13496 --- [    Test worker] o.s.t.c.transaction.TransactionContext   : Began transaction (1) for test context [DefaultTestContext@7f913c47 testClass = StockRepositoryTest, testInstance = sample.cafekiosk.spring.domain.stock.StockRepositoryTest@28446b06, testMethod = deductQuantity2@StockRepositoryTest, testException = [null], mergedContextConfiguration = [WebMergedContextConfiguration@6cf58989 testClass = StockRepositoryTest, locations = '{}', classes = '{class sample.cafekiosk.CafekioskApplication}', contextInitializerClasses = '[]', activeProfiles = '{test}', propertySourceLocations = '{}', propertySourceProperties = '{org.springframework.boot.test.context.SpringBootTestContextBootstrapper=true}', contextCustomizers = set[org.springframework.boot.test.autoconfigure.actuate.metrics.MetricsExportContextCustomizerFactory$DisableMetricExportContextCustomizer@52350abb, org.springframework.boot.test.autoconfigure.properties.PropertyMappingContextCustomizer@0, org.springframework.boot.test.autoconfigure.web.servlet.WebDriverContextCustomizerFactory$Customizer@fac80, org.springframework.boot.test.context.filter.ExcludeFilterContextCustomizer@1fe8d51b, org.springframework.boot.test.json.DuplicateJsonObjectContextCustomizerFactory$DuplicateJsonObjectContextCustomizer@60d84f61, org.springframework.boot.test.mock.mockito.MockitoContextCustomizer@0, org.springframework.boot.test.web.client.TestRestTemplateContextCustomizer@1dc9f5ad, org.springframework.boot.test.context.SpringBootTestArgs@1, org.springframework.boot.test.context.SpringBootTestWebEnvironment@d278d2b], resourceBasePath = 'src/main/webapp', contextLoader = 'org.springframework.boot.test.context.SpringBootContextLoader', parent = [null]], attributes = map['org.springframework.test.context.web.ServletTestExecutionListener.activateListener' -> true, 'org.springframework.test.context.web.ServletTestExecutionListener.populatedRequestContextHolder' -> true, 'org.springframework.test.context.web.ServletTestExecutionListener.resetRequestContextHolder' -> true, 'org.springframework.test.context.event.ApplicationEventsTestExecutionListener.recordApplicationEvents' -> false]]; transaction manager [org.springframework.orm.jpa.JpaTransactionManager@49c74506]; rollback [true]
2024-05-18 00:13:46.548  INFO 13496 --- [    Test worker] o.s.t.c.transaction.TransactionContext   : Rolled back transaction for test: [DefaultTestContext@7f913c47 testClass = StockRepositoryTest, testInstance = sample.cafekiosk.spring.domain.stock.StockRepositoryTest@28446b06, testMethod = deductQuantity2@StockRepositoryTest, testException = [null], mergedContextConfiguration = [WebMergedContextConfiguration@6cf58989 testClass = StockRepositoryTest, locations = '{}', classes = '{class sample.cafekiosk.CafekioskApplication}', contextInitializerClasses = '[]', activeProfiles = '{test}', propertySourceLocations = '{}', propertySourceProperties = '{org.springframework.boot.test.context.SpringBootTestContextBootstrapper=true}', contextCustomizers = set[org.springframework.boot.test.autoconfigure.actuate.metrics.MetricsExportContextCustomizerFactory$DisableMetricExportContextCustomizer@52350abb, org.springframework.boot.test.autoconfigure.properties.PropertyMappingContextCustomizer@0, org.springframework.boot.test.autoconfigure.web.servlet.WebDriverContextCustomizerFactory$Customizer@fac80, org.springframework.boot.test.context.filter.ExcludeFilterContextCustomizer@1fe8d51b, org.springframework.boot.test.json.DuplicateJsonObjectContextCustomizerFactory$DuplicateJsonObjectContextCustomizer@60d84f61, org.springframework.boot.test.mock.mockito.MockitoContextCustomizer@0, org.springframework.boot.test.web.client.TestRestTemplateContextCustomizer@1dc9f5ad, org.springframework.boot.test.context.SpringBootTestArgs@1, org.springframework.boot.test.context.SpringBootTestWebEnvironment@d278d2b], resourceBasePath = 'src/main/webapp', contextLoader = 'org.springframework.boot.test.context.SpringBootContextLoader', parent = [null]], attributes = map['org.springframework.test.context.web.ServletTestExecutionListener.activateListener' -> true, 'org.springframework.test.context.web.ServletTestExecutionListener.populatedRequestContextHolder' -> true, 'org.springframework.test.context.web.ServletTestExecutionListener.resetRequestContextHolder' -> true, 'org.springframework.test.context.event.ApplicationEventsTestExecutionListener.recordApplicationEvents' -> false]]
]]></system-out>
  <system-err><![CDATA[]]></system-err>
</testsuite>
